nohup: ignoring input
shuffled: self.ids[0] is  909
batch:0/10
batch:1/10
batch:2/10
batch:3/10
batch:4/10
batch:5/10
batch:6/10
batch:7/10
batch:8/10
batch:9/10



###################################### sumary #################################################

fps_ball:         4.1025 , 0.99980 , 1.00000
fps_knn:          20.9178 , 1.00000 , 1.00000
rb_ball:          0.9990 , 0.99980 , 1.00000
rb_knn:           18.1868 , 1.00000 , 1.00000
ggcn+cube:        1.1513 , 1.00000 , 1.00000
ggcn+knn:         3.7206 , 1.00000 , 1.00000
ggcn-aware cube:  0.0000 , 0.00000 , 0.00000
ggcn-aware_s:     1.3391 , 1.00000 , 1.00000
